#-----------------------------------------------------------
# Vivado v2018.2 (64-bit)
# SW Build 2258646 on Thu Jun 14 20:02:38 MDT 2018
# IP Build 2256618 on Thu Jun 14 22:10:49 MDT 2018
# Start of session at: Tue Feb 18 14:54:26 2025
# Process ID: 78171
# Current directory: /home/sahithyan/learning/vivado/lab2
# Command line: vivado -mode tcl -verbose ./lab2.xpr
# Log file: /home/sahithyan/learning/vivado/lab2/vivado.log
# Journal file: /home/sahithyan/learning/vivado/lab2/vivado.jou
#-----------------------------------------------------------
open_project ./lab2.xpr
Scanning sources...
Finished scanning sources
xelab circuit
WARNING: [Common 17-259] Unknown Tcl command 'xelab circuit' sending command to the OS shell for execution. It is recommended to use 'exec' to send the command to the OS shell.
child process exited abnormally
xelab -help
WARNING: [Common 17-259] Unknown Tcl command 'xelab -help' sending command to the OS shell for execution. It is recommended to use 'exec' to send the command to the OS shell.
xelab lab2
WARNING: [Common 17-259] Unknown Tcl command 'xelab lab2' sending command to the OS shell for execution. It is recommended to use 'exec' to send the command to the OS shell.
child process exited abnormally
INFO: [Common 17-206] Exiting Vivado at Tue Feb 18 14:55:15 2025...
